Using pre-set license
Built from '2021.3/staging' branch; Version is '2021.3.11f1 (0a5ca18544bf) revision 679073'; Using compiler version '192829333'; Build Type 'Release'
OS: 'Windows 11  (10.0.22621) 64bit Professional' Language: 'en' Physical Memory: 16309 MB
BatchMode: 1, IsHumanControllingUs: 0, StartBugReporterOnCrash: 0, Is64bit: 1, IsPro: 1

COMMAND LINE ARGUMENTS:
C:\Program Files\Unity\Hub\Editor\2021.3.11f1\Editor\Unity.exe
-adb2
-batchMode
-noUpm
-name
AssetImportWorker0
-projectPath
C:/Users/Marvin/Documents/Programmierung/Unity/1-fps-experience/game/Silent Soul/Silent Soul/PlayerMovement
-logFile
Logs/AssetImportWorker0.log
-srvPort
53774
Successfully changed project path to: C:/Users/Marvin/Documents/Programmierung/Unity/1-fps-experience/game/Silent Soul/Silent Soul/PlayerMovement
C:/Users/Marvin/Documents/Programmierung/Unity/1-fps-experience/game/Silent Soul/Silent Soul/PlayerMovement
[UnityMemory] Configuration Parameters - Can be set up in boot.config
    "memorysetup-bucket-allocator-granularity=16"
    "memorysetup-bucket-allocator-bucket-count=8"
    "memorysetup-bucket-allocator-block-size=33554432"
    "memorysetup-bucket-allocator-block-count=8"
    "memorysetup-main-allocator-block-size=16777216"
    "memorysetup-thread-allocator-block-size=16777216"
    "memorysetup-gfx-main-allocator-block-size=16777216"
    "memorysetup-gfx-thread-allocator-block-size=16777216"
    "memorysetup-cache-allocator-block-size=4194304"
    "memorysetup-typetree-allocator-block-size=2097152"
    "memorysetup-profiler-bucket-allocator-granularity=16"
    "memorysetup-profiler-bucket-allocator-bucket-count=8"
    "memorysetup-profiler-bucket-allocator-block-size=33554432"
    "memorysetup-profiler-bucket-allocator-block-count=8"
    "memorysetup-profiler-allocator-block-size=16777216"
    "memorysetup-profiler-editor-allocator-block-size=1048576"
    "memorysetup-temp-allocator-size-main=16777216"
    "memorysetup-job-temp-allocator-block-size=2097152"
    "memorysetup-job-temp-allocator-block-size-background=1048576"
    "memorysetup-job-temp-allocator-reduction-small-platforms=262144"
    "memorysetup-temp-allocator-size-background-worker=32768"
    "memorysetup-temp-allocator-size-job-worker=262144"
    "memorysetup-temp-allocator-size-preload-manager=33554432"
    "memorysetup-temp-allocator-size-nav-mesh-worker=65536"
    "memorysetup-temp-allocator-size-audio-worker=65536"
    "memorysetup-temp-allocator-size-cloud-worker=32768"
    "memorysetup-temp-allocator-size-gi-baking-worker=262144"
    "memorysetup-temp-allocator-size-gfx=262144"
Refreshing native plugins compatible for Editor in 66.93 ms, found 4 plugins.
Preloading 0 native plugins for Editor in 0.00 ms.
Initialize engine version: 2021.3.11f1 (0a5ca18544bf)
[Subsystems] Discovering subsystems at path C:/Program Files/Unity/Hub/Editor/2021.3.11f1/Editor/Data/Resources/UnitySubsystems
[Subsystems] Discovering subsystems at path C:/Users/Marvin/Documents/Programmierung/Unity/1-fps-experience/game/Silent Soul/Silent Soul/PlayerMovement/Assets
GfxDevice: creating device client; threaded=0; jobified=0
Direct3D:
    Version:  Direct3D 11.0 [level 11.1]
    Renderer: NVIDIA GeForce GTX 1060 3GB (ID=0x1c02)
    Vendor:   NVIDIA
    VRAM:     2979 MB
    Driver:   31.0.15.2698
Initialize mono
Mono path[0] = 'C:/Program Files/Unity/Hub/Editor/2021.3.11f1/Editor/Data/Managed'
Mono path[1] = 'C:/Program Files/Unity/Hub/Editor/2021.3.11f1/Editor/Data/MonoBleedingEdge/lib/mono/unityjit-win32'
Mono config path = 'C:/Program Files/Unity/Hub/Editor/2021.3.11f1/Editor/Data/MonoBleedingEdge/etc'
Using monoOptions --debugger-agent=transport=dt_socket,embedding=1,server=y,suspend=n,address=127.0.0.1:56672
Begin MonoManager ReloadAssembly
Registering precompiled unity dll's ...
Register platform support module: C:/Program Files/Unity/Hub/Editor/2021.3.11f1/Editor/Data/PlaybackEngines/WindowsStandaloneSupport/UnityEditor.WindowsStandalone.Extensions.dll
Registered in 0.002968 seconds.
Native extension for WindowsStandalone target not found
Refreshing native plugins compatible for Editor in 64.94 ms, found 4 plugins.
Preloading 0 native plugins for Editor in 0.00 ms.
Mono: successfully reloaded assembly
- Completed reload, in  0.446 seconds
Domain Reload Profiling:
	ReloadAssembly (447ms)
		BeginReloadAssembly (47ms)
			ExecutionOrderSort (0ms)
			DisableScriptedObjects (0ms)
			BackupInstance (0ms)
			ReleaseScriptingObjects (0ms)
			CreateAndSetChildDomain (1ms)
		EndReloadAssembly (328ms)
			LoadAssemblies (46ms)
			RebuildTransferFunctionScriptingTraits (0ms)
			SetupTypeCache (74ms)
			ReleaseScriptCaches (0ms)
			RebuildScriptCaches (17ms)
			SetupLoadedEditorAssemblies (202ms)
				LogAssemblyErrors (0ms)
				InitializePlatformSupportModulesInManaged (5ms)
				SetLoadedEditorAssemblies (0ms)
				RefreshPlugins (65ms)
				BeforeProcessingInitializeOnLoad (1ms)
				ProcessInitializeOnLoadAttributes (98ms)
				ProcessInitializeOnLoadMethodAttributes (32ms)
				AfterProcessingInitializeOnLoad (0ms)
				EditorAssembliesLoaded (0ms)
			ExecutionOrderSort2 (0ms)
			AwakeInstancesAfterBackupRestoration (0ms)
Platform modules already initialized, skipping
Registering precompiled user dll's ...
Registered in 0.005001 seconds.
Begin MonoManager ReloadAssembly
Symbol file LoadedFromMemory doesn't match image C:\Users\Marvin\Documents\Programmierung\Unity\1-fps-experience\game\Silent Soul\Silent Soul\PlayerMovement\Library\PackageCache\com.unity.visualscripting@1.7.8\Editor\VisualScripting.Core\Dependencies\YamlDotNet\Unity.VisualScripting.YamlDotNet.dll
Symbol file LoadedFromMemory doesn't match image C:\Users\Marvin\Documents\Programmierung\Unity\1-fps-experience\game\Silent Soul\Silent Soul\PlayerMovement\Library\PackageCache\com.unity.visualscripting@1.7.8\Editor\VisualScripting.Core\Dependencies\DotNetZip\Unity.VisualScripting.IonicZip.dll
Native extension for WindowsStandalone target not found
Refreshing native plugins compatible for Editor in 65.70 ms, found 4 plugins.
Preloading 0 native plugins for Editor in 0.00 ms.
Mono: successfully reloaded assembly
- Completed reload, in  0.785 seconds
Domain Reload Profiling:
	ReloadAssembly (785ms)
		BeginReloadAssembly (76ms)
			ExecutionOrderSort (0ms)
			DisableScriptedObjects (5ms)
			BackupInstance (0ms)
			ReleaseScriptingObjects (0ms)
			CreateAndSetChildDomain (14ms)
		EndReloadAssembly (631ms)
			LoadAssemblies (55ms)
			RebuildTransferFunctionScriptingTraits (0ms)
			SetupTypeCache (157ms)
			ReleaseScriptCaches (1ms)
			RebuildScriptCaches (39ms)
			SetupLoadedEditorAssemblies (344ms)
				LogAssemblyErrors (0ms)
				InitializePlatformSupportModulesInManaged (4ms)
				SetLoadedEditorAssemblies (0ms)
				RefreshPlugins (66ms)
				BeforeProcessingInitializeOnLoad (70ms)
				ProcessInitializeOnLoadAttributes (167ms)
				ProcessInitializeOnLoadMethodAttributes (33ms)
				AfterProcessingInitializeOnLoad (4ms)
				EditorAssembliesLoaded (0ms)
			ExecutionOrderSort2 (0ms)
			AwakeInstancesAfterBackupRestoration (5ms)
Platform modules already initialized, skipping
========================================================================
Worker process is ready to serve import requests
Launched and connected shader compiler UnityShaderCompiler.exe after 0.03 seconds
Refreshing native plugins compatible for Editor in 0.50 ms, found 4 plugins.
Preloading 0 native plugins for Editor in 0.00 ms.
Unloading 4070 Unused Serialized files (Serialized files now loaded: 0)
Unloading 38 unused Assets / (56.1 KB). Loaded Objects now: 4526.
Memory consumption went from 152.8 MB to 152.8 MB.
Total: 2.622000 ms (FindLiveObjects: 0.235800 ms CreateObjectMapping: 0.148600 ms MarkObjects: 2.185400 ms  DeleteObjects: 0.051400 ms)

AssetImportParameters requested are different than current active one (requested -> active):
  custom:video-decoder-ogg-theora: a1e56fd34408186e4bbccfd4996cb3dc -> 
  custom:container-muxer-webm: aa71ff27fc2769a1b78a27578f13a17b -> 
  custom:container-demuxer-webm: 4f35f7cbe854078d1ac9338744f61a02 -> 
  custom:video-encoder-webm-vp8: eb34c28f22e8b96e1ab97ce403110664 -> 
  custom:audio-encoder-webm-vorbis: bf7c407c2cedff20999df2af8eb42d56 -> 
  custom:framework-win-MediaFoundation: 216162199b28c13a410421893ffa2e32 -> 
  custom:container-demuxer-ogg: 62fdf1f143b41e24485cea50d1cbac27 -> 
  custom:video-decoder-webm-vp8: 9c59270c3fd7afecdb556c50c9e8de78 -> 
  custom:audio-decoder-ogg-vorbis: bf7c407c2cedff20999df2af8eb42d56 -> 
========================================================================
Received Import Request.
  Time since last request: 1568071.663261 seconds.
  path: Assets/Animations
  artifactKey: Guid(7b6f490cceb532047808ad8315cd17f3) Importer(815301076,1909f56bfc062723c751e8b465ee728b)
Start importing Assets/Animations using Guid(7b6f490cceb532047808ad8315cd17f3) Importer(815301076,1909f56bfc062723c751e8b465ee728b)  -> (artifact id: 'dc11103130d0c75955b4d3d3c6da4cd8') in 0.009443 seconds 
========================================================================
Received Import Request.
  Time since last request: 13.843906 seconds.
  path: Assets/Player 1.controller
  artifactKey: Guid(aac3111fd23a0f84abc22f41d7753663) Importer(815301076,1909f56bfc062723c751e8b465ee728b)
Start importing Assets/Player 1.controller using Guid(aac3111fd23a0f84abc22f41d7753663) Importer(815301076,1909f56bfc062723c751e8b465ee728b)  -> (artifact id: '35a21882bddc351d0b20f695f895c290') in 0.024756 seconds 
========================================================================
Received Import Request.
  Time since last request: 6.201805 seconds.
  path: Packages/com.unity.2d.spriteshape/Editor/ObjectMenuCreation/DefaultAssets/Sprite Shapes/Closed Sprite Shape.prefab
  artifactKey: Guid(c0583b4e855c74b8c82e7b9b5efb5ce9) Importer(815301076,1909f56bfc062723c751e8b465ee728b)
Start importing Packages/com.unity.2d.spriteshape/Editor/ObjectMenuCreation/DefaultAssets/Sprite Shapes/Closed Sprite Shape.prefab using Guid(c0583b4e855c74b8c82e7b9b5efb5ce9) Importer(815301076,1909f56bfc062723c751e8b465ee728b)  -> (artifact id: 'f6cae12a8e36d5c15d99abafeae90da7') in 0.081767 seconds 
========================================================================
Received Import Request.
  Time since last request: 1.768200 seconds.
  path: Assets/Scenes/SampleScene.unity
  artifactKey: Guid(2cda990e2423bbf4892e6590ba056729) Importer(815301076,1909f56bfc062723c751e8b465ee728b)
Start importing Assets/Scenes/SampleScene.unity using Guid(2cda990e2423bbf4892e6590ba056729) Importer(815301076,1909f56bfc062723c751e8b465ee728b)  -> (artifact id: 'c0318c7d2dd1a82b532e055336e2d27a') in 0.004461 seconds 
========================================================================
Received Prepare
Registering precompiled user dll's ...
Registered in 0.006901 seconds.
Begin MonoManager ReloadAssembly
Symbol file LoadedFromMemory doesn't match image C:\Users\Marvin\Documents\Programmierung\Unity\1-fps-experience\game\Silent Soul\Silent Soul\PlayerMovement\Library\PackageCache\com.unity.visualscripting@1.7.8\Editor\VisualScripting.Core\Dependencies\YamlDotNet\Unity.VisualScripting.YamlDotNet.dll
Symbol file LoadedFromMemory doesn't match image C:\Users\Marvin\Documents\Programmierung\Unity\1-fps-experience\game\Silent Soul\Silent Soul\PlayerMovement\Library\PackageCache\com.unity.visualscripting@1.7.8\Editor\VisualScripting.Core\Dependencies\DotNetZip\Unity.VisualScripting.IonicZip.dll
Native extension for WindowsStandalone target not found
Refreshing native plugins compatible for Editor in 0.54 ms, found 4 plugins.
Preloading 0 native plugins for Editor in 0.00 ms.
Mono: successfully reloaded assembly
- Completed reload, in  0.743 seconds
Domain Reload Profiling:
	ReloadAssembly (743ms)
		BeginReloadAssembly (99ms)
			ExecutionOrderSort (0ms)
			DisableScriptedObjects (4ms)
			BackupInstance (0ms)
			ReleaseScriptingObjects (0ms)
			CreateAndSetChildDomain (30ms)
		EndReloadAssembly (563ms)
			LoadAssemblies (64ms)
			RebuildTransferFunctionScriptingTraits (0ms)
			SetupTypeCache (160ms)
			ReleaseScriptCaches (1ms)
			RebuildScriptCaches (36ms)
			SetupLoadedEditorAssemblies (260ms)
				LogAssemblyErrors (0ms)
				InitializePlatformSupportModulesInManaged (9ms)
				SetLoadedEditorAssemblies (0ms)
				RefreshPlugins (1ms)
				BeforeProcessingInitializeOnLoad (54ms)
				ProcessInitializeOnLoadAttributes (158ms)
				ProcessInitializeOnLoadMethodAttributes (33ms)
				AfterProcessingInitializeOnLoad (5ms)
				EditorAssembliesLoaded (0ms)
			ExecutionOrderSort2 (0ms)
			AwakeInstancesAfterBackupRestoration (8ms)
Platform modules already initialized, skipping
Refreshing native plugins compatible for Editor in 1.68 ms, found 4 plugins.
Preloading 0 native plugins for Editor in 0.00 ms.
Unloading 4059 Unused Serialized files (Serialized files now loaded: 0)
Unloading 25 unused Assets / (24.8 KB). Loaded Objects now: 4537.
Memory consumption went from 156.6 MB to 156.6 MB.
Total: 3.332000 ms (FindLiveObjects: 0.212300 ms CreateObjectMapping: 0.077900 ms MarkObjects: 3.023500 ms  DeleteObjects: 0.017500 ms)

AssetImportParameters requested are different than current active one (requested -> active):
  custom:video-decoder-ogg-theora: a1e56fd34408186e4bbccfd4996cb3dc -> 
  custom:container-muxer-webm: aa71ff27fc2769a1b78a27578f13a17b -> 
  custom:container-demuxer-webm: 4f35f7cbe854078d1ac9338744f61a02 -> 
  custom:video-encoder-webm-vp8: eb34c28f22e8b96e1ab97ce403110664 -> 
  custom:audio-encoder-webm-vorbis: bf7c407c2cedff20999df2af8eb42d56 -> 
  custom:framework-win-MediaFoundation: 216162199b28c13a410421893ffa2e32 -> 
  custom:container-demuxer-ogg: 62fdf1f143b41e24485cea50d1cbac27 -> 
  custom:video-decoder-webm-vp8: 9c59270c3fd7afecdb556c50c9e8de78 -> 
  custom:audio-decoder-ogg-vorbis: bf7c407c2cedff20999df2af8eb42d56 -> 
========================================================================
Received Import Request.
  Time since last request: 34.918211 seconds.
  path: Assets/Tiny RPG Forest/Artwork/Environment/tileset-sliced.png
  artifactKey: Guid(95d22684aba5646d79a26b3287a692b6) Importer(815301076,1909f56bfc062723c751e8b465ee728b)
Start importing Assets/Tiny RPG Forest/Artwork/Environment/tileset-sliced.png using Guid(95d22684aba5646d79a26b3287a692b6) Importer(815301076,1909f56bfc062723c751e8b465ee728b)  -> (artifact id: '6668678a6c4dabbdbddea5725dcfa25a') in 0.572555 seconds 
========================================================================
Received Import Request.
  Time since last request: 4.945877 seconds.
  path: Assets/Tiny RPG Forest/Artwork/sprites/hero/walk/hero-walk-back/hero-walk-back-1.png
  artifactKey: Guid(b6844b89804364482afc9e85f4c7ead6) Importer(815301076,1909f56bfc062723c751e8b465ee728b)
Start importing Assets/Tiny RPG Forest/Artwork/sprites/hero/walk/hero-walk-back/hero-walk-back-1.png using Guid(b6844b89804364482afc9e85f4c7ead6) Importer(815301076,1909f56bfc062723c751e8b465ee728b)  -> (artifact id: '5c6d71c361fd78875e0db6f3bf68245b') in 0.014280 seconds 
========================================================================
Received Import Request.
  Time since last request: 0.000014 seconds.
  path: Assets/Tiny RPG Forest/Artwork/sprites/hero/walk/hero-walk-back/hero-walk-back-5.png
  artifactKey: Guid(b6e0510b98b514e078dd461313dcd347) Importer(815301076,1909f56bfc062723c751e8b465ee728b)
Start importing Assets/Tiny RPG Forest/Artwork/sprites/hero/walk/hero-walk-back/hero-walk-back-5.png using Guid(b6e0510b98b514e078dd461313dcd347) Importer(815301076,1909f56bfc062723c751e8b465ee728b)  -> (artifact id: 'f67a80786bcafef16fb7535580381d48') in 0.010776 seconds 
========================================================================
Received Import Request.
  Time since last request: 0.000016 seconds.
  path: Assets/Tiny RPG Forest/Artwork/sprites/hero/walk/hero-walk-back/hero-walk-back-4.png
  artifactKey: Guid(2a39d1b36efff405c9fa9eea030081b5) Importer(815301076,1909f56bfc062723c751e8b465ee728b)
Start importing Assets/Tiny RPG Forest/Artwork/sprites/hero/walk/hero-walk-back/hero-walk-back-4.png using Guid(2a39d1b36efff405c9fa9eea030081b5) Importer(815301076,1909f56bfc062723c751e8b465ee728b)  -> (artifact id: 'fd5962ad5daa997ef1aeb45adb505708') in 0.010080 seconds 
========================================================================
Received Import Request.
  Time since last request: 0.809999 seconds.
  path: Assets/Tiny RPG Forest/Artwork/sprites/hero/walk/hero-walk-front/hero-walk-front-1.png
  artifactKey: Guid(8f92b2d912773479894490421de2bc04) Importer(815301076,1909f56bfc062723c751e8b465ee728b)
Start importing Assets/Tiny RPG Forest/Artwork/sprites/hero/walk/hero-walk-front/hero-walk-front-1.png using Guid(8f92b2d912773479894490421de2bc04) Importer(815301076,1909f56bfc062723c751e8b465ee728b)  -> (artifact id: 'b8f3bf7e7c8b1d6de9669adfd5a4e718') in 0.010082 seconds 
========================================================================
Received Import Request.
  Time since last request: 0.000029 seconds.
  path: Assets/Tiny RPG Forest/Artwork/sprites/hero/walk/hero-walk-front/hero-walk-front-4.png
  artifactKey: Guid(8d49905babc88495495ad3a6f7fce288) Importer(815301076,1909f56bfc062723c751e8b465ee728b)
Start importing Assets/Tiny RPG Forest/Artwork/sprites/hero/walk/hero-walk-front/hero-walk-front-4.png using Guid(8d49905babc88495495ad3a6f7fce288) Importer(815301076,1909f56bfc062723c751e8b465ee728b)  -> (artifact id: 'e9cb081823280fb8826a4a84d8f9f72e') in 0.010827 seconds 
========================================================================
Received Import Request.
  Time since last request: 0.000014 seconds.
  path: Assets/Tiny RPG Forest/Artwork/sprites/hero/walk/hero-walk-front/hero-walk-front-6.png
  artifactKey: Guid(54e307e02e8174335a835d5efe3c8380) Importer(815301076,1909f56bfc062723c751e8b465ee728b)
Start importing Assets/Tiny RPG Forest/Artwork/sprites/hero/walk/hero-walk-front/hero-walk-front-6.png using Guid(54e307e02e8174335a835d5efe3c8380) Importer(815301076,1909f56bfc062723c751e8b465ee728b)  -> (artifact id: '715b4641d5b9e5056f9df49c94928339') in 0.011944 seconds 
========================================================================
Received Import Request.
  Time since last request: 0.375164 seconds.
  path: Assets/Tiny RPG Forest/Artwork/sprites/hero/walk/hero-walk-side/hero-walk-side-1.png
  artifactKey: Guid(2521b6229a37c4a56b4fd4e12227c2fb) Importer(815301076,1909f56bfc062723c751e8b465ee728b)
Start importing Assets/Tiny RPG Forest/Artwork/sprites/hero/walk/hero-walk-side/hero-walk-side-1.png using Guid(2521b6229a37c4a56b4fd4e12227c2fb) Importer(815301076,1909f56bfc062723c751e8b465ee728b)  -> (artifact id: '307dff846115ff96015b4a5e79bc1f4d') in 0.011644 seconds 
========================================================================
Received Import Request.
  Time since last request: 0.000013 seconds.
  path: Assets/Tiny RPG Forest/Artwork/sprites/hero/walk/hero-walk-side/hero-walk-side-5.png
  artifactKey: Guid(b770b77e5762c4d3491a467ece3ee7e4) Importer(815301076,1909f56bfc062723c751e8b465ee728b)
Start importing Assets/Tiny RPG Forest/Artwork/sprites/hero/walk/hero-walk-side/hero-walk-side-5.png using Guid(b770b77e5762c4d3491a467ece3ee7e4) Importer(815301076,1909f56bfc062723c751e8b465ee728b)  -> (artifact id: '0820d96d35c621fe90812b28e094f5de') in 0.009747 seconds 
========================================================================
Received Import Request.
  Time since last request: 0.000016 seconds.
  path: Assets/Tiny RPG Forest/Artwork/sprites/hero/walk/hero-walk-side/hero-walk-side-4.png
  artifactKey: Guid(82de06744ccd74b2cb215461eafffad7) Importer(815301076,1909f56bfc062723c751e8b465ee728b)
Start importing Assets/Tiny RPG Forest/Artwork/sprites/hero/walk/hero-walk-side/hero-walk-side-4.png using Guid(82de06744ccd74b2cb215461eafffad7) Importer(815301076,1909f56bfc062723c751e8b465ee728b)  -> (artifact id: '73e43700b1856a7b22d8e5956264a915') in 0.010560 seconds 
